[2024-06-25 14:50:33,896:INFO:common:yaml file: config/config.yaml loaded successfully]
[2024-06-25 14:50:33,898:INFO:common:yaml file: params.yaml loaded successfully]
[2024-06-25 14:52:45,249:INFO:common:yaml file: config/config.yaml loaded successfully]
[2024-06-25 14:52:45,251:INFO:common:yaml file: params.yaml loaded successfully]
[2024-06-25 14:52:45,252:INFO:common:yaml file: schema.yaml loaded successfully]
[2024-06-25 14:56:32,140:INFO:common:yaml file: config/config.yaml loaded successfully]
[2024-06-25 14:56:32,142:INFO:common:yaml file: params.yaml loaded successfully]
[2024-06-25 14:56:32,143:INFO:common:yaml file: schema.yaml loaded successfully]
[2024-06-25 14:56:32,144:INFO:common:created directory at: artifacts]
[2024-06-25 14:57:48,140:INFO:common:yaml file: config/config.yaml loaded successfully]
[2024-06-25 14:57:48,142:INFO:common:yaml file: params.yaml loaded successfully]
[2024-06-25 14:57:48,143:INFO:common:yaml file: schema.yaml loaded successfully]
[2024-06-25 14:57:48,144:INFO:common:created directory at: artifacts]
[2024-06-25 14:57:48,145:INFO:common:created directory at: artifacts/data_ingestion]
[2024-06-25 15:00:28,623:INFO:common:yaml file: config/config.yaml loaded successfully]
[2024-06-25 15:00:28,625:INFO:common:yaml file: params.yaml loaded successfully]
[2024-06-25 15:00:28,626:INFO:common:yaml file: schema.yaml loaded successfully]
[2024-06-25 15:00:28,627:INFO:common:created directory at: artifacts]
[2024-06-25 15:00:28,628:INFO:common:created directory at: artifacts/data_ingestion]
[2024-06-25 15:04:51,257:INFO:common:yaml file: config/config.yaml loaded successfully]
[2024-06-25 15:04:51,259:INFO:common:yaml file: params.yaml loaded successfully]
[2024-06-25 15:04:51,261:INFO:common:yaml file: schema.yaml loaded successfully]
[2024-06-25 15:04:51,262:INFO:common:created directory at: artifacts]
[2024-06-25 15:04:51,263:INFO:common:created directory at: artifacts/data_ingestion]
[2024-06-25 15:07:16,546:INFO:common:yaml file: config/config.yaml loaded successfully]
[2024-06-25 15:07:16,550:INFO:common:yaml file: params.yaml loaded successfully]
[2024-06-25 15:07:16,553:INFO:common:yaml file: schema.yaml loaded successfully]
[2024-06-25 15:07:16,555:INFO:common:created directory at: artifacts]
[2024-06-25 15:07:16,556:INFO:common:created directory at: artifacts/data_ingestion]
[2024-06-25 15:20:23,438:INFO:common:yaml file: config/config.yaml loaded successfully]
[2024-06-25 15:20:23,441:INFO:common:yaml file: params.yaml loaded successfully]
[2024-06-25 15:20:23,442:INFO:common:yaml file: schema.yaml loaded successfully]
[2024-06-25 15:20:23,443:INFO:common:created directory at: artifacts]
[2024-06-25 15:20:23,444:INFO:common:created directory at: artifacts/data_ingestion]
[2024-06-25 15:22:06,520:INFO:common:yaml file: config/config.yaml loaded successfully]
[2024-06-25 15:22:06,522:INFO:common:yaml file: params.yaml loaded successfully]
[2024-06-25 15:22:06,524:INFO:common:yaml file: schema.yaml loaded successfully]
[2024-06-25 15:22:06,524:INFO:common:created directory at: artifacts]
[2024-06-25 15:22:06,525:INFO:common:created directory at: artifacts/data_ingestion]
[2024-06-25 15:25:54,968:INFO:common:yaml file: config/config.yaml loaded successfully]
[2024-06-25 15:25:54,972:INFO:common:yaml file: params.yaml loaded successfully]
[2024-06-25 15:25:54,974:INFO:common:yaml file: schema.yaml loaded successfully]
[2024-06-25 15:25:54,974:INFO:common:created directory at: artifacts]
[2024-06-25 15:25:54,975:INFO:common:created directory at: artifacts/data_ingestion]
[2024-06-26 14:28:01,722:INFO:common:yaml file: config/config.yaml loaded successfully]
[2024-06-26 14:28:01,725:INFO:common:yaml file: params.yaml loaded successfully]
[2024-06-26 14:28:01,727:INFO:common:yaml file: schema.yaml loaded successfully]
[2024-06-26 14:28:01,728:INFO:common:created directory at: artifacts]
[2024-06-26 14:28:01,729:INFO:common:created directory at: artifacts/data_ingestion]
[2024-06-26 14:34:08,551:INFO:common:yaml file: config/config.yaml loaded successfully]
[2024-06-26 14:34:08,555:INFO:common:yaml file: params.yaml loaded successfully]
[2024-06-26 14:34:08,557:INFO:common:yaml file: schema.yaml loaded successfully]
[2024-06-26 14:34:08,558:INFO:common:created directory at: artifacts]
[2024-06-26 14:34:08,559:INFO:common:created directory at: artifacts/data_ingestion]
[2024-06-26 14:47:18,471:INFO:common:yaml file: config/config.yaml loaded successfully]
[2024-06-26 14:47:18,474:INFO:common:yaml file: params.yaml loaded successfully]
[2024-06-26 14:47:18,475:INFO:common:yaml file: schema.yaml loaded successfully]
[2024-06-26 14:47:18,476:INFO:common:created directory at: artifacts]
[2024-06-26 14:47:18,478:INFO:common:created directory at: artifacts/data_ingestion]
[2024-06-26 14:48:42,066:INFO:common:yaml file: config/config.yaml loaded successfully]
[2024-06-26 14:48:42,068:INFO:common:yaml file: params.yaml loaded successfully]
[2024-06-26 14:48:42,069:INFO:common:yaml file: schema.yaml loaded successfully]
[2024-06-26 14:48:42,070:INFO:common:created directory at: artifacts]
[2024-06-26 14:48:42,071:INFO:common:created directory at: artifacts/data_ingestion]
[2024-06-26 14:51:03,781:INFO:common:yaml file: config/config.yaml loaded successfully]
[2024-06-26 14:51:03,782:INFO:common:yaml file: params.yaml loaded successfully]
[2024-06-26 14:51:03,783:INFO:common:yaml file: schema.yaml loaded successfully]
[2024-06-26 14:51:03,784:INFO:common:created directory at: artifacts]
[2024-06-26 14:51:03,785:INFO:common:created directory at: artifacts/data_ingestion]
[2024-06-26 14:51:21,321:INFO:common:yaml file: config/config.yaml loaded successfully]
[2024-06-26 14:51:21,322:INFO:common:yaml file: params.yaml loaded successfully]
[2024-06-26 14:51:21,324:INFO:common:yaml file: schema.yaml loaded successfully]
[2024-06-26 14:51:21,324:INFO:common:created directory at: artifacts]
[2024-06-26 14:51:21,325:INFO:common:created directory at: artifacts/data_ingestion]
[2024-06-26 14:55:06,309:INFO:common:yaml file: config/config.yaml loaded successfully]
[2024-06-26 14:55:06,312:INFO:common:yaml file: params.yaml loaded successfully]
[2024-06-26 14:55:06,313:INFO:common:yaml file: schema.yaml loaded successfully]
[2024-06-26 14:55:06,314:INFO:common:created directory at: artifacts]
[2024-06-26 14:55:06,315:INFO:common:created directory at: artifacts/data_ingestion]
[2024-06-26 14:55:07,003:INFO:2523369617:artifacts/data_ingestion/data-forecast.zip downloaded succesfully with this information Server: GitHub.com
Date: Wed, 26 Jun 2024 12:55:06 GMT
Content-Type: text/html; charset=utf-8
Vary: X-PJAX, X-PJAX-Container, Turbo-Visit, Turbo-Frame, Accept-Encoding, Accept, X-Requested-With
ETag: W/"b4f4098b897ef4ad0983d6d21dbfc21c"
Cache-Control: max-age=0, private, must-revalidate
Strict-Transport-Security: max-age=31536000; includeSubdomains; preload
X-Frame-Options: deny
X-Content-Type-Options: nosniff
X-XSS-Protection: 0
Referrer-Policy: no-referrer-when-downgrade
Content-Security-Policy: default-src 'none'; base-uri 'self'; child-src github.com/assets-cdn/worker/ gist.github.com/assets-cdn/worker/; connect-src 'self' uploads.github.com www.githubstatus.com collector.github.com raw.githubusercontent.com api.github.com github-cloud.s3.amazonaws.com github-production-repository-file-5c1aeb.s3.amazonaws.com github-production-upload-manifest-file-7fdce7.s3.amazonaws.com github-production-user-asset-6210df.s3.amazonaws.com api.githubcopilot.com objects-origin.githubusercontent.com copilot-proxy.githubusercontent.com/v1/engines/github-completion/completions *.actions.githubusercontent.com wss://*.actions.githubusercontent.com productionresultssa0.blob.core.windows.net/ productionresultssa1.blob.core.windows.net/ productionresultssa2.blob.core.windows.net/ productionresultssa3.blob.core.windows.net/ productionresultssa4.blob.core.windows.net/ productionresultssa5.blob.core.windows.net/ productionresultssa6.blob.core.windows.net/ productionresultssa7.blob.core.windows.net/ productionresultssa8.blob.core.windows.net/ productionresultssa9.blob.core.windows.net/ productionresultssa10.blob.core.windows.net/ productionresultssa11.blob.core.windows.net/ productionresultssa12.blob.core.windows.net/ productionresultssa13.blob.core.windows.net/ productionresultssa14.blob.core.windows.net/ productionresultssa15.blob.core.windows.net/ productionresultssa16.blob.core.windows.net/ productionresultssa17.blob.core.windows.net/ productionresultssa18.blob.core.windows.net/ productionresultssa19.blob.core.windows.net/ github-production-repository-image-32fea6.s3.amazonaws.com github-production-release-asset-2e65be.s3.amazonaws.com insights.github.com wss://alive.github.com; font-src github.githubassets.com; form-action 'self' github.com gist.github.com copilot-workspace.githubnext.com objects-origin.githubusercontent.com; frame-ancestors 'none'; frame-src viewscreen.githubusercontent.com notebooks.githubusercontent.com; img-src 'self' data: blob: github.githubassets.com media.githubusercontent.com camo.githubusercontent.com identicons.github.com avatars.githubusercontent.com github-cloud.s3.amazonaws.com objects.githubusercontent.com secured-user-images.githubusercontent.com/ user-images.githubusercontent.com/ private-user-images.githubusercontent.com opengraph.githubassets.com github-production-user-asset-6210df.s3.amazonaws.com customer-stories-feed.github.com spotlights-feed.github.com objects-origin.githubusercontent.com *.githubusercontent.com; manifest-src 'self'; media-src github.com user-images.githubusercontent.com/ secured-user-images.githubusercontent.com/ private-user-images.githubusercontent.com github-production-user-asset-6210df.s3.amazonaws.com gist.github.com; script-src github.githubassets.com; style-src 'unsafe-inline' github.githubassets.com; upgrade-insecure-requests; worker-src github.com/assets-cdn/worker/ gist.github.com/assets-cdn/worker/
Set-Cookie: _gh_sess=Yrhu%2Bs0rxboeSyVvBO5EpN08TtAAHKZspKpwoaJbUpKPK893A2Nm1O9AtuMZlGYjj9PQ7R%2BovfVEk0syNPZ8SSBmNIFGoW8S48zH3lonj1LUlSS0Lo6bUwIMpePIIXFeweUmNRKlCmZU26tJpPef0NWXvY3frYwGidIsnkMZ9aHLpeOI1HKYzrLWWuubLb%2BDi%2B4rEC6O2LoI5U4tAA%2F3Tw0G%2Bi7khbVpv2p50nUvAUvax63tT7VAZ%2BPvQRYQm7CMLatTn9KIbNz6E4ayrMJIPw%3D%3D--Ka6yd8CzBG248Zkq--rk0Pd%2FfhEidl%2FxTkn%2BCy4Q%3D%3D; Path=/; HttpOnly; Secure; SameSite=Lax
Set-Cookie: _octo=GH1.1.804226594.1719406506; Path=/; Domain=github.com; Expires=Thu, 26 Jun 2025 12:55:06 GMT; Secure; SameSite=Lax
Set-Cookie: logged_in=no; Path=/; Domain=github.com; Expires=Thu, 26 Jun 2025 12:55:06 GMT; HttpOnly; Secure; SameSite=Lax
Accept-Ranges: bytes
Transfer-Encoding: chunked
X-GitHub-Request-Id: F063:182728:123DD50B:12976AA2:667C0FAA
connection: close

]
[2024-06-26 15:06:16,442:INFO:common:yaml file: config/config.yaml loaded successfully]
[2024-06-26 15:06:16,445:INFO:common:yaml file: params.yaml loaded successfully]
[2024-06-26 15:06:16,446:INFO:common:yaml file: schema.yaml loaded successfully]
[2024-06-26 15:06:16,447:INFO:common:created directory at: artifacts]
[2024-06-26 15:06:16,448:INFO:common:created directory at: artifacts/data_ingestion]
[2024-06-26 15:06:17,216:INFO:2523369617:artifacts/data_ingestion/data.zip downloaded succesfully with this information Server: GitHub.com
Date: Wed, 26 Jun 2024 13:06:16 GMT
Content-Type: text/html; charset=utf-8
Vary: X-PJAX, X-PJAX-Container, Turbo-Visit, Turbo-Frame, Accept-Encoding, Accept, X-Requested-With
ETag: W/"3a807b7b4a6540d41b089ea15ae31fc0"
Cache-Control: max-age=0, private, must-revalidate
Strict-Transport-Security: max-age=31536000; includeSubdomains; preload
X-Frame-Options: deny
X-Content-Type-Options: nosniff
X-XSS-Protection: 0
Referrer-Policy: no-referrer-when-downgrade
Content-Security-Policy: default-src 'none'; base-uri 'self'; child-src github.com/assets-cdn/worker/ gist.github.com/assets-cdn/worker/; connect-src 'self' uploads.github.com www.githubstatus.com collector.github.com raw.githubusercontent.com api.github.com github-cloud.s3.amazonaws.com github-production-repository-file-5c1aeb.s3.amazonaws.com github-production-upload-manifest-file-7fdce7.s3.amazonaws.com github-production-user-asset-6210df.s3.amazonaws.com api.githubcopilot.com objects-origin.githubusercontent.com copilot-proxy.githubusercontent.com/v1/engines/github-completion/completions *.actions.githubusercontent.com wss://*.actions.githubusercontent.com productionresultssa0.blob.core.windows.net/ productionresultssa1.blob.core.windows.net/ productionresultssa2.blob.core.windows.net/ productionresultssa3.blob.core.windows.net/ productionresultssa4.blob.core.windows.net/ productionresultssa5.blob.core.windows.net/ productionresultssa6.blob.core.windows.net/ productionresultssa7.blob.core.windows.net/ productionresultssa8.blob.core.windows.net/ productionresultssa9.blob.core.windows.net/ productionresultssa10.blob.core.windows.net/ productionresultssa11.blob.core.windows.net/ productionresultssa12.blob.core.windows.net/ productionresultssa13.blob.core.windows.net/ productionresultssa14.blob.core.windows.net/ productionresultssa15.blob.core.windows.net/ productionresultssa16.blob.core.windows.net/ productionresultssa17.blob.core.windows.net/ productionresultssa18.blob.core.windows.net/ productionresultssa19.blob.core.windows.net/ github-production-repository-image-32fea6.s3.amazonaws.com github-production-release-asset-2e65be.s3.amazonaws.com insights.github.com wss://alive.github.com; font-src github.githubassets.com; form-action 'self' github.com gist.github.com copilot-workspace.githubnext.com objects-origin.githubusercontent.com; frame-ancestors 'none'; frame-src viewscreen.githubusercontent.com notebooks.githubusercontent.com; img-src 'self' data: blob: github.githubassets.com media.githubusercontent.com camo.githubusercontent.com identicons.github.com avatars.githubusercontent.com github-cloud.s3.amazonaws.com objects.githubusercontent.com secured-user-images.githubusercontent.com/ user-images.githubusercontent.com/ private-user-images.githubusercontent.com opengraph.githubassets.com github-production-user-asset-6210df.s3.amazonaws.com customer-stories-feed.github.com spotlights-feed.github.com objects-origin.githubusercontent.com *.githubusercontent.com; manifest-src 'self'; media-src github.com user-images.githubusercontent.com/ secured-user-images.githubusercontent.com/ private-user-images.githubusercontent.com github-production-user-asset-6210df.s3.amazonaws.com gist.github.com; script-src github.githubassets.com; style-src 'unsafe-inline' github.githubassets.com; upgrade-insecure-requests; worker-src github.com/assets-cdn/worker/ gist.github.com/assets-cdn/worker/
Set-Cookie: _gh_sess=IQSfX8Bo8lw4qRoCSO5XYrIrCV%2FWq45HQS%2BSIbcHufxkfCdov6QU6q%2F7uOZEr1wkI0%2BjhfzTy%2FQ7ShKHP%2BgVKx30LNcXQAA%2B3t3kVVWjYGiaXXpdz4kyvlOJzV1pB4PpqAtI65sHD6R0Z07Be%2Bb9p2htMwkIoD0tdwoXQnV0YL%2FDoSdeY%2BBSAAVucaFCPfMZBXqL7kLv4WNLrJqlIGucb8PHI%2F61GWIPrUexr2n%2FrZUH7CSJa39J3CHw5STBfVAXAxgVYsrvjVELn%2BPCD9Y8rQ%3D%3D--AoBxwIN1bQKm1d8T--UL6U4ew%2B25%2FraoQ8tPPSIA%3D%3D; Path=/; HttpOnly; Secure; SameSite=Lax
Set-Cookie: _octo=GH1.1.1190733223.1719407176; Path=/; Domain=github.com; Expires=Thu, 26 Jun 2025 13:06:16 GMT; Secure; SameSite=Lax
Set-Cookie: logged_in=no; Path=/; Domain=github.com; Expires=Thu, 26 Jun 2025 13:06:16 GMT; HttpOnly; Secure; SameSite=Lax
Accept-Ranges: bytes
Transfer-Encoding: chunked
X-GitHub-Request-Id: F115:182728:124E4B6F:12A8126F:667C1248
connection: close

]
[2024-06-26 15:14:14,160:INFO:common:yaml file: config/config.yaml loaded successfully]
[2024-06-26 15:14:14,162:INFO:common:yaml file: params.yaml loaded successfully]
[2024-06-26 15:14:14,163:INFO:common:yaml file: schema.yaml loaded successfully]
[2024-06-26 15:14:14,164:INFO:common:created directory at: artifacts]
[2024-06-26 15:14:14,164:INFO:common:created directory at: artifacts/data_ingestion]
[2024-06-26 15:15:32,739:INFO:common:yaml file: config/config.yaml loaded successfully]
[2024-06-26 15:15:32,743:INFO:common:yaml file: params.yaml loaded successfully]
[2024-06-26 15:15:32,745:INFO:common:yaml file: schema.yaml loaded successfully]
[2024-06-26 15:15:32,746:INFO:common:created directory at: artifacts]
[2024-06-26 15:15:32,746:INFO:common:created directory at: artifacts/data_ingestion]
[2024-06-26 15:15:33,291:INFO:3616611468:artifacts/data_ingestion/data.zip downloaded succesfully with this information Server: GitHub.com
Date: Wed, 26 Jun 2024 13:15:33 GMT
Content-Type: text/html; charset=utf-8
Vary: X-PJAX, X-PJAX-Container, Turbo-Visit, Turbo-Frame, Accept-Encoding, Accept, X-Requested-With
ETag: W/"f924c73142c5d2b451638a767e1f69ed"
Cache-Control: max-age=0, private, must-revalidate
Strict-Transport-Security: max-age=31536000; includeSubdomains; preload
X-Frame-Options: deny
X-Content-Type-Options: nosniff
X-XSS-Protection: 0
Referrer-Policy: no-referrer-when-downgrade
Content-Security-Policy: default-src 'none'; base-uri 'self'; child-src github.com/assets-cdn/worker/ gist.github.com/assets-cdn/worker/; connect-src 'self' uploads.github.com www.githubstatus.com collector.github.com raw.githubusercontent.com api.github.com github-cloud.s3.amazonaws.com github-production-repository-file-5c1aeb.s3.amazonaws.com github-production-upload-manifest-file-7fdce7.s3.amazonaws.com github-production-user-asset-6210df.s3.amazonaws.com api.githubcopilot.com objects-origin.githubusercontent.com copilot-proxy.githubusercontent.com/v1/engines/github-completion/completions *.actions.githubusercontent.com wss://*.actions.githubusercontent.com productionresultssa0.blob.core.windows.net/ productionresultssa1.blob.core.windows.net/ productionresultssa2.blob.core.windows.net/ productionresultssa3.blob.core.windows.net/ productionresultssa4.blob.core.windows.net/ productionresultssa5.blob.core.windows.net/ productionresultssa6.blob.core.windows.net/ productionresultssa7.blob.core.windows.net/ productionresultssa8.blob.core.windows.net/ productionresultssa9.blob.core.windows.net/ productionresultssa10.blob.core.windows.net/ productionresultssa11.blob.core.windows.net/ productionresultssa12.blob.core.windows.net/ productionresultssa13.blob.core.windows.net/ productionresultssa14.blob.core.windows.net/ productionresultssa15.blob.core.windows.net/ productionresultssa16.blob.core.windows.net/ productionresultssa17.blob.core.windows.net/ productionresultssa18.blob.core.windows.net/ productionresultssa19.blob.core.windows.net/ github-production-repository-image-32fea6.s3.amazonaws.com github-production-release-asset-2e65be.s3.amazonaws.com insights.github.com wss://alive.github.com; font-src github.githubassets.com; form-action 'self' github.com gist.github.com copilot-workspace.githubnext.com objects-origin.githubusercontent.com; frame-ancestors 'none'; frame-src viewscreen.githubusercontent.com notebooks.githubusercontent.com; img-src 'self' data: blob: github.githubassets.com media.githubusercontent.com camo.githubusercontent.com identicons.github.com avatars.githubusercontent.com github-cloud.s3.amazonaws.com objects.githubusercontent.com secured-user-images.githubusercontent.com/ user-images.githubusercontent.com/ private-user-images.githubusercontent.com opengraph.githubassets.com github-production-user-asset-6210df.s3.amazonaws.com customer-stories-feed.github.com spotlights-feed.github.com objects-origin.githubusercontent.com *.githubusercontent.com; manifest-src 'self'; media-src github.com user-images.githubusercontent.com/ secured-user-images.githubusercontent.com/ private-user-images.githubusercontent.com github-production-user-asset-6210df.s3.amazonaws.com gist.github.com; script-src github.githubassets.com; style-src 'unsafe-inline' github.githubassets.com; upgrade-insecure-requests; worker-src github.com/assets-cdn/worker/ gist.github.com/assets-cdn/worker/
Set-Cookie: _gh_sess=xHOL%2BrO1n3F45yahXidOPAxtpq0c4fGaxqODxX2%2B21zn86nA7x%2F2vXJ%2FvX%2FC0uPnrOnrpqHXZMPRFSSfbXhlg2vP5C73hRAuoiSQVJxwtatVxfxH71FN3YN874wr%2Fr176scQfb8OMO247AlgO98UGmE89ma0qofr%2F3yjBkzOS4ArY8vmpnz9DEU7If3yJxrvl7ss6Lf1kvMnqxUvmNAVfGVznIhRLXCyEuC94dFwICYdIHF2%2FQu7gw4x4WLt%2FN8adSf1Nxc6UPPxbqT9%2B%2FZnwQ%3D%3D--GQZYeaXSe1p%2FAlWN--xQ7LSlFdxDk3n6rhCMzG7A%3D%3D; Path=/; HttpOnly; Secure; SameSite=Lax
Set-Cookie: _octo=GH1.1.739500595.1719407732; Path=/; Domain=github.com; Expires=Thu, 26 Jun 2025 13:15:32 GMT; Secure; SameSite=Lax
Set-Cookie: logged_in=no; Path=/; Domain=github.com; Expires=Thu, 26 Jun 2025 13:15:32 GMT; HttpOnly; Secure; SameSite=Lax
Accept-Ranges: bytes
Transfer-Encoding: chunked
X-GitHub-Request-Id: F172:1F24C4:5E9B45E:604DF35:667C1474
connection: close

]
[2024-06-26 15:19:07,339:INFO:common:yaml file: config/config.yaml loaded successfully]
[2024-06-26 15:19:07,341:INFO:common:yaml file: params.yaml loaded successfully]
[2024-06-26 15:19:07,342:INFO:common:yaml file: schema.yaml loaded successfully]
[2024-06-26 15:19:07,343:INFO:common:created directory at: artifacts]
[2024-06-26 15:19:07,344:INFO:common:created directory at: artifacts/data_ingestion]
[2024-06-26 15:19:56,447:INFO:common:yaml file: config/config.yaml loaded successfully]
[2024-06-26 15:19:56,449:INFO:common:yaml file: params.yaml loaded successfully]
[2024-06-26 15:19:56,450:INFO:common:yaml file: schema.yaml loaded successfully]
[2024-06-26 15:19:56,451:INFO:common:created directory at: artifacts]
[2024-06-26 15:19:56,453:INFO:common:created directory at: artifacts/data_ingestion]
[2024-06-26 15:19:57,198:INFO:3616611468:artifacts/data_ingestion/data.zip downloaded succesfully with this information Server: GitHub.com
Date: Wed, 26 Jun 2024 13:19:56 GMT
Content-Type: text/html; charset=utf-8
Vary: X-PJAX, X-PJAX-Container, Turbo-Visit, Turbo-Frame, Accept-Encoding, Accept, X-Requested-With
ETag: W/"270a661fd5386ad46d494dc72e92ff9c"
Cache-Control: max-age=0, private, must-revalidate
Strict-Transport-Security: max-age=31536000; includeSubdomains; preload
X-Frame-Options: deny
X-Content-Type-Options: nosniff
X-XSS-Protection: 0
Referrer-Policy: no-referrer-when-downgrade
Content-Security-Policy: default-src 'none'; base-uri 'self'; child-src github.com/assets-cdn/worker/ gist.github.com/assets-cdn/worker/; connect-src 'self' uploads.github.com www.githubstatus.com collector.github.com raw.githubusercontent.com api.github.com github-cloud.s3.amazonaws.com github-production-repository-file-5c1aeb.s3.amazonaws.com github-production-upload-manifest-file-7fdce7.s3.amazonaws.com github-production-user-asset-6210df.s3.amazonaws.com api.githubcopilot.com objects-origin.githubusercontent.com copilot-proxy.githubusercontent.com/v1/engines/github-completion/completions *.actions.githubusercontent.com wss://*.actions.githubusercontent.com productionresultssa0.blob.core.windows.net/ productionresultssa1.blob.core.windows.net/ productionresultssa2.blob.core.windows.net/ productionresultssa3.blob.core.windows.net/ productionresultssa4.blob.core.windows.net/ productionresultssa5.blob.core.windows.net/ productionresultssa6.blob.core.windows.net/ productionresultssa7.blob.core.windows.net/ productionresultssa8.blob.core.windows.net/ productionresultssa9.blob.core.windows.net/ productionresultssa10.blob.core.windows.net/ productionresultssa11.blob.core.windows.net/ productionresultssa12.blob.core.windows.net/ productionresultssa13.blob.core.windows.net/ productionresultssa14.blob.core.windows.net/ productionresultssa15.blob.core.windows.net/ productionresultssa16.blob.core.windows.net/ productionresultssa17.blob.core.windows.net/ productionresultssa18.blob.core.windows.net/ productionresultssa19.blob.core.windows.net/ github-production-repository-image-32fea6.s3.amazonaws.com github-production-release-asset-2e65be.s3.amazonaws.com insights.github.com wss://alive.github.com; font-src github.githubassets.com; form-action 'self' github.com gist.github.com copilot-workspace.githubnext.com objects-origin.githubusercontent.com; frame-ancestors 'none'; frame-src viewscreen.githubusercontent.com notebooks.githubusercontent.com; img-src 'self' data: blob: github.githubassets.com media.githubusercontent.com camo.githubusercontent.com identicons.github.com avatars.githubusercontent.com github-cloud.s3.amazonaws.com objects.githubusercontent.com secured-user-images.githubusercontent.com/ user-images.githubusercontent.com/ private-user-images.githubusercontent.com opengraph.githubassets.com github-production-user-asset-6210df.s3.amazonaws.com customer-stories-feed.github.com spotlights-feed.github.com objects-origin.githubusercontent.com *.githubusercontent.com; manifest-src 'self'; media-src github.com user-images.githubusercontent.com/ secured-user-images.githubusercontent.com/ private-user-images.githubusercontent.com github-production-user-asset-6210df.s3.amazonaws.com gist.github.com; script-src github.githubassets.com; style-src 'unsafe-inline' github.githubassets.com; upgrade-insecure-requests; worker-src github.com/assets-cdn/worker/ gist.github.com/assets-cdn/worker/
Set-Cookie: _gh_sess=G5qUFbecIax0dLY37zJy8kxzwC2BKqtAdMnep0TxI4WyafahZt%2Bow1KZYDU%2BApBKHTTPRdToB3fb4Dsfbzi9myhxrSsqT83KJduuXZgyctMMqmlwwVK62yfTvO8OlhygE4J6usaBRpAKJgW3DvrcAQL%2FHnAL%2FE265uqcsXZQKtIELUPeF4JRkuUaysCt5oELuKLJGLNleWuAHZY2q0ZAHUqZwshi3MLT7SDkNxgvQBLEx1kutaUuxUM60BtqNhD1RKKmJJPX%2BrqQNdb5JFKYsg%3D%3D--0%2BHSuU1IHBJ9WiPd--18kNvdnCAzhSrGYd0dSwRA%3D%3D; Path=/; HttpOnly; Secure; SameSite=Lax
Set-Cookie: _octo=GH1.1.1079057300.1719407996; Path=/; Domain=github.com; Expires=Thu, 26 Jun 2025 13:19:56 GMT; Secure; SameSite=Lax
Set-Cookie: logged_in=no; Path=/; Domain=github.com; Expires=Thu, 26 Jun 2025 13:19:56 GMT; HttpOnly; Secure; SameSite=Lax
Accept-Ranges: bytes
Transfer-Encoding: chunked
X-GitHub-Request-Id: F1A5:27DBA:160DF941:1684C75D:667C157C
connection: close

]
[2024-06-27 11:13:31,764:INFO:common:yaml file: config/config.yaml loaded successfully]
[2024-06-27 11:13:31,768:INFO:common:yaml file: params.yaml loaded successfully]
[2024-06-27 11:13:31,770:INFO:common:yaml file: schema.yaml loaded successfully]
[2024-06-27 11:13:31,771:INFO:common:created directory at: artifacts]
[2024-06-27 11:13:31,772:INFO:common:created directory at: artifacts/data_ingestion]
[2024-06-27 11:14:51,008:INFO:common:yaml file: config/config.yaml loaded successfully]
[2024-06-27 11:14:51,010:INFO:common:yaml file: params.yaml loaded successfully]
[2024-06-27 11:14:51,012:INFO:common:yaml file: schema.yaml loaded successfully]
[2024-06-27 11:14:51,012:INFO:common:created directory at: artifacts]
[2024-06-27 11:14:51,014:INFO:common:created directory at: artifacts/data_ingestion]
[2024-06-27 11:43:04,284:INFO:common:yaml file: config/config.yaml loaded successfully]
[2024-06-27 11:43:04,286:INFO:common:yaml file: params.yaml loaded successfully]
[2024-06-27 11:43:04,288:INFO:common:yaml file: schema.yaml loaded successfully]
[2024-06-27 11:43:04,289:INFO:common:created directory at: artifacts]
[2024-06-27 11:43:04,290:INFO:common:created directory at: artifacts/data_ingestion]
[2024-06-27 11:43:04,292:INFO:2465324063:File already exists of size: ~ 275 KB]
[2024-06-27 15:50:42,657:INFO:common:yaml file: config/config.yaml loaded successfully]
[2024-06-27 15:50:42,659:INFO:common:yaml file: params.yaml loaded successfully]
[2024-06-27 15:50:42,661:INFO:common:yaml file: schema.yaml loaded successfully]
[2024-06-27 15:50:42,661:INFO:common:created directory at: artifacts]
[2024-06-27 15:50:42,662:INFO:common:created directory at: artifacts/data_ingestion]
[2024-06-27 15:50:42,663:INFO:2327117404:File already exists of size: ~ 275 KB]
[2024-06-27 15:51:06,895:INFO:common:yaml file: config/config.yaml loaded successfully]
[2024-06-27 15:51:06,897:INFO:common:yaml file: params.yaml loaded successfully]
[2024-06-27 15:51:06,898:INFO:common:yaml file: schema.yaml loaded successfully]
[2024-06-27 15:51:06,899:INFO:common:created directory at: artifacts]
[2024-06-27 15:51:06,900:INFO:common:created directory at: artifacts/data_ingestion]
[2024-06-27 15:51:07,634:INFO:2327117404:artifacts/data_ingestion/data-forecast.zip download! with following info: 
Connection: close
Content-Length: 48759
Cache-Control: max-age=300
Content-Security-Policy: default-src 'none'; style-src 'unsafe-inline'; sandbox
Content-Type: application/zip
ETag: "b242fa9b06100c658c6c8e3096b0d4b17390be7861c1ab51cdf6a2a7d19cf86c"
Strict-Transport-Security: max-age=31536000
X-Content-Type-Options: nosniff
X-Frame-Options: deny
X-XSS-Protection: 1; mode=block
X-GitHub-Request-Id: 883E:39B45B:8726BB:8DDC0D:667D6E4A
Accept-Ranges: bytes
Date: Thu, 27 Jun 2024 13:51:07 GMT
Via: 1.1 varnish
X-Served-By: cache-mad22030-MAD
X-Cache: MISS
X-Cache-Hits: 0
X-Timer: S1719496267.379483,VS0,VE208
Vary: Authorization,Accept-Encoding,Origin
Access-Control-Allow-Origin: *
Cross-Origin-Resource-Policy: cross-origin
X-Fastly-Request-ID: 01da08406f32e2820bb57fc3dc4b527c43489302
Expires: Thu, 27 Jun 2024 13:56:07 GMT
Source-Age: 0

]
[2024-07-09 14:53:08,390:INFO:main:>>>>>> stage Data ingestion stage started <<<<<]
[2024-07-09 14:53:08,392:INFO:common:yaml file: config/config.yaml loaded successfully]
[2024-07-09 14:53:08,404:INFO:common:yaml file: params.yaml loaded successfully]
[2024-07-09 14:53:08,405:INFO:common:yaml file: schema.yaml loaded successfully]
[2024-07-09 14:53:08,405:INFO:common:created directory at: artifacts]
[2024-07-09 14:53:08,405:INFO:common:created directory at: artifacts/data_ingestion]
[2024-07-09 14:53:08,405:INFO:data_ingestion:File already exists of size: ~ 48 KB]
[2024-07-09 14:53:08,408:INFO:main:>>>>>>>>> stage Data ingestion stage completed! <<<<<<]
[2024-07-17 13:40:18,849:INFO:main:>>>>>> stage Data ingestion stage started <<<<<]
[2024-07-17 13:40:18,850:INFO:common:yaml file: config/config.yaml loaded successfully]
[2024-07-17 13:40:18,852:INFO:common:yaml file: params.yaml loaded successfully]
[2024-07-17 13:40:18,852:INFO:common:yaml file: schema.yaml loaded successfully]
[2024-07-17 13:40:18,852:INFO:common:created directory at: artifacts]
[2024-07-17 13:40:18,853:INFO:common:created directory at: artifacts/data_ingestion]
[2024-07-17 13:40:18,990:ERROR:main:<urlopen error [SSL: CERTIFICATE_VERIFY_FAILED] certificate verify failed: unable to get local issuer certificate (_ssl.c:1002)>]
Traceback (most recent call last):
  File "/Library/Frameworks/Python.framework/Versions/3.11/lib/python3.11/urllib/request.py", line 1348, in do_open
    h.request(req.get_method(), req.selector, req.data, headers,
  File "/Library/Frameworks/Python.framework/Versions/3.11/lib/python3.11/http/client.py", line 1286, in request
    self._send_request(method, url, body, headers, encode_chunked)
  File "/Library/Frameworks/Python.framework/Versions/3.11/lib/python3.11/http/client.py", line 1332, in _send_request
    self.endheaders(body, encode_chunked=encode_chunked)
  File "/Library/Frameworks/Python.framework/Versions/3.11/lib/python3.11/http/client.py", line 1281, in endheaders
    self._send_output(message_body, encode_chunked=encode_chunked)
  File "/Library/Frameworks/Python.framework/Versions/3.11/lib/python3.11/http/client.py", line 1041, in _send_output
    self.send(msg)
  File "/Library/Frameworks/Python.framework/Versions/3.11/lib/python3.11/http/client.py", line 979, in send
    self.connect()
  File "/Library/Frameworks/Python.framework/Versions/3.11/lib/python3.11/http/client.py", line 1458, in connect
    self.sock = self._context.wrap_socket(self.sock,
                ^^^^^^^^^^^^^^^^^^^^^^^^^^^^^^^^^^^^
  File "/Library/Frameworks/Python.framework/Versions/3.11/lib/python3.11/ssl.py", line 517, in wrap_socket
    return self.sslsocket_class._create(
           ^^^^^^^^^^^^^^^^^^^^^^^^^^^^^
  File "/Library/Frameworks/Python.framework/Versions/3.11/lib/python3.11/ssl.py", line 1075, in _create
    self.do_handshake()
  File "/Library/Frameworks/Python.framework/Versions/3.11/lib/python3.11/ssl.py", line 1346, in do_handshake
    self._sslobj.do_handshake()
ssl.SSLCertVerificationError: [SSL: CERTIFICATE_VERIFY_FAILED] certificate verify failed: unable to get local issuer certificate (_ssl.c:1002)

During handling of the above exception, another exception occurred:

Traceback (most recent call last):
  File "/Users/main/Desktop/LSTM_Forecast/main.py", line 8, in <module>
    obj.main()
  File "/Users/main/Desktop/LSTM_Forecast/src/TimeSeriesForecast/pipeline/stage_01_data_ingestion.py", line 14, in main
    data_ingestion.download_file()
  File "/Users/main/Desktop/LSTM_Forecast/src/TimeSeriesForecast/components/data_ingestion.py", line 21, in download_file
    filename, headers = request.urlretrieve(
                        ^^^^^^^^^^^^^^^^^^^^
  File "/Library/Frameworks/Python.framework/Versions/3.11/lib/python3.11/urllib/request.py", line 241, in urlretrieve
    with contextlib.closing(urlopen(url, data)) as fp:
                            ^^^^^^^^^^^^^^^^^^
  File "/Library/Frameworks/Python.framework/Versions/3.11/lib/python3.11/urllib/request.py", line 216, in urlopen
    return opener.open(url, data, timeout)
           ^^^^^^^^^^^^^^^^^^^^^^^^^^^^^^^
  File "/Library/Frameworks/Python.framework/Versions/3.11/lib/python3.11/urllib/request.py", line 519, in open
    response = self._open(req, data)
               ^^^^^^^^^^^^^^^^^^^^^
  File "/Library/Frameworks/Python.framework/Versions/3.11/lib/python3.11/urllib/request.py", line 536, in _open
    result = self._call_chain(self.handle_open, protocol, protocol +
             ^^^^^^^^^^^^^^^^^^^^^^^^^^^^^^^^^^^^^^^^^^^^^^^^^^^^^^^
  File "/Library/Frameworks/Python.framework/Versions/3.11/lib/python3.11/urllib/request.py", line 496, in _call_chain
    result = func(*args)
             ^^^^^^^^^^^
  File "/Library/Frameworks/Python.framework/Versions/3.11/lib/python3.11/urllib/request.py", line 1391, in https_open
    return self.do_open(http.client.HTTPSConnection, req,
           ^^^^^^^^^^^^^^^^^^^^^^^^^^^^^^^^^^^^^^^^^^^^^^
  File "/Library/Frameworks/Python.framework/Versions/3.11/lib/python3.11/urllib/request.py", line 1351, in do_open
    raise URLError(err)
urllib.error.URLError: <urlopen error [SSL: CERTIFICATE_VERIFY_FAILED] certificate verify failed: unable to get local issuer certificate (_ssl.c:1002)>
[2024-07-17 13:42:52,564:INFO:main:>>>>>> stage Data ingestion stage started <<<<<]
[2024-07-17 13:42:52,565:INFO:common:yaml file: config/config.yaml loaded successfully]
[2024-07-17 13:42:52,567:INFO:common:yaml file: params.yaml loaded successfully]
[2024-07-17 13:42:52,568:INFO:common:yaml file: schema.yaml loaded successfully]
[2024-07-17 13:42:52,568:INFO:common:created directory at: artifacts]
[2024-07-17 13:42:52,569:INFO:common:created directory at: artifacts/data_ingestion]
[2024-07-17 13:42:52,720:ERROR:main:<urlopen error [SSL: CERTIFICATE_VERIFY_FAILED] certificate verify failed: unable to get local issuer certificate (_ssl.c:1002)>]
Traceback (most recent call last):
  File "/Library/Frameworks/Python.framework/Versions/3.11/lib/python3.11/urllib/request.py", line 1348, in do_open
    h.request(req.get_method(), req.selector, req.data, headers,
  File "/Library/Frameworks/Python.framework/Versions/3.11/lib/python3.11/http/client.py", line 1286, in request
    self._send_request(method, url, body, headers, encode_chunked)
  File "/Library/Frameworks/Python.framework/Versions/3.11/lib/python3.11/http/client.py", line 1332, in _send_request
    self.endheaders(body, encode_chunked=encode_chunked)
  File "/Library/Frameworks/Python.framework/Versions/3.11/lib/python3.11/http/client.py", line 1281, in endheaders
    self._send_output(message_body, encode_chunked=encode_chunked)
  File "/Library/Frameworks/Python.framework/Versions/3.11/lib/python3.11/http/client.py", line 1041, in _send_output
    self.send(msg)
  File "/Library/Frameworks/Python.framework/Versions/3.11/lib/python3.11/http/client.py", line 979, in send
    self.connect()
  File "/Library/Frameworks/Python.framework/Versions/3.11/lib/python3.11/http/client.py", line 1458, in connect
    self.sock = self._context.wrap_socket(self.sock,
                ^^^^^^^^^^^^^^^^^^^^^^^^^^^^^^^^^^^^
  File "/Library/Frameworks/Python.framework/Versions/3.11/lib/python3.11/ssl.py", line 517, in wrap_socket
    return self.sslsocket_class._create(
           ^^^^^^^^^^^^^^^^^^^^^^^^^^^^^
  File "/Library/Frameworks/Python.framework/Versions/3.11/lib/python3.11/ssl.py", line 1075, in _create
    self.do_handshake()
  File "/Library/Frameworks/Python.framework/Versions/3.11/lib/python3.11/ssl.py", line 1346, in do_handshake
    self._sslobj.do_handshake()
ssl.SSLCertVerificationError: [SSL: CERTIFICATE_VERIFY_FAILED] certificate verify failed: unable to get local issuer certificate (_ssl.c:1002)

During handling of the above exception, another exception occurred:

Traceback (most recent call last):
  File "/Users/main/Desktop/LSTM_Forecast/main.py", line 8, in <module>
    obj.main()
  File "/Users/main/Desktop/LSTM_Forecast/src/TimeSeriesForecast/pipeline/stage_01_data_ingestion.py", line 14, in main
    data_ingestion.download_file()
  File "/Users/main/Desktop/LSTM_Forecast/src/TimeSeriesForecast/components/data_ingestion.py", line 21, in download_file
    filename, headers = request.urlretrieve(
                        ^^^^^^^^^^^^^^^^^^^^
  File "/Library/Frameworks/Python.framework/Versions/3.11/lib/python3.11/urllib/request.py", line 241, in urlretrieve
    with contextlib.closing(urlopen(url, data)) as fp:
                            ^^^^^^^^^^^^^^^^^^
  File "/Library/Frameworks/Python.framework/Versions/3.11/lib/python3.11/urllib/request.py", line 216, in urlopen
    return opener.open(url, data, timeout)
           ^^^^^^^^^^^^^^^^^^^^^^^^^^^^^^^
  File "/Library/Frameworks/Python.framework/Versions/3.11/lib/python3.11/urllib/request.py", line 519, in open
    response = self._open(req, data)
               ^^^^^^^^^^^^^^^^^^^^^
  File "/Library/Frameworks/Python.framework/Versions/3.11/lib/python3.11/urllib/request.py", line 536, in _open
    result = self._call_chain(self.handle_open, protocol, protocol +
             ^^^^^^^^^^^^^^^^^^^^^^^^^^^^^^^^^^^^^^^^^^^^^^^^^^^^^^^
  File "/Library/Frameworks/Python.framework/Versions/3.11/lib/python3.11/urllib/request.py", line 496, in _call_chain
    result = func(*args)
             ^^^^^^^^^^^
  File "/Library/Frameworks/Python.framework/Versions/3.11/lib/python3.11/urllib/request.py", line 1391, in https_open
    return self.do_open(http.client.HTTPSConnection, req,
           ^^^^^^^^^^^^^^^^^^^^^^^^^^^^^^^^^^^^^^^^^^^^^^
  File "/Library/Frameworks/Python.framework/Versions/3.11/lib/python3.11/urllib/request.py", line 1351, in do_open
    raise URLError(err)
urllib.error.URLError: <urlopen error [SSL: CERTIFICATE_VERIFY_FAILED] certificate verify failed: unable to get local issuer certificate (_ssl.c:1002)>
[2024-07-17 13:46:11,136:INFO:main:>>>>>> stage Data ingestion stage started <<<<<]
[2024-07-17 13:46:11,138:INFO:common:yaml file: config/config.yaml loaded successfully]
[2024-07-17 13:46:11,140:INFO:common:yaml file: params.yaml loaded successfully]
[2024-07-17 13:46:11,140:INFO:common:yaml file: schema.yaml loaded successfully]
[2024-07-17 13:46:11,141:INFO:common:created directory at: artifacts]
[2024-07-17 13:46:11,141:INFO:common:created directory at: artifacts/data_ingestion]
[2024-07-17 13:46:11,378:ERROR:main:<urlopen error [SSL: CERTIFICATE_VERIFY_FAILED] certificate verify failed: unable to get local issuer certificate (_ssl.c:1002)>]
Traceback (most recent call last):
  File "/Library/Frameworks/Python.framework/Versions/3.11/lib/python3.11/urllib/request.py", line 1348, in do_open
    h.request(req.get_method(), req.selector, req.data, headers,
  File "/Library/Frameworks/Python.framework/Versions/3.11/lib/python3.11/http/client.py", line 1286, in request
    self._send_request(method, url, body, headers, encode_chunked)
  File "/Library/Frameworks/Python.framework/Versions/3.11/lib/python3.11/http/client.py", line 1332, in _send_request
    self.endheaders(body, encode_chunked=encode_chunked)
  File "/Library/Frameworks/Python.framework/Versions/3.11/lib/python3.11/http/client.py", line 1281, in endheaders
    self._send_output(message_body, encode_chunked=encode_chunked)
  File "/Library/Frameworks/Python.framework/Versions/3.11/lib/python3.11/http/client.py", line 1041, in _send_output
    self.send(msg)
  File "/Library/Frameworks/Python.framework/Versions/3.11/lib/python3.11/http/client.py", line 979, in send
    self.connect()
  File "/Library/Frameworks/Python.framework/Versions/3.11/lib/python3.11/http/client.py", line 1458, in connect
    self.sock = self._context.wrap_socket(self.sock,
                ^^^^^^^^^^^^^^^^^^^^^^^^^^^^^^^^^^^^
  File "/Library/Frameworks/Python.framework/Versions/3.11/lib/python3.11/ssl.py", line 517, in wrap_socket
    return self.sslsocket_class._create(
           ^^^^^^^^^^^^^^^^^^^^^^^^^^^^^
  File "/Library/Frameworks/Python.framework/Versions/3.11/lib/python3.11/ssl.py", line 1075, in _create
    self.do_handshake()
  File "/Library/Frameworks/Python.framework/Versions/3.11/lib/python3.11/ssl.py", line 1346, in do_handshake
    self._sslobj.do_handshake()
ssl.SSLCertVerificationError: [SSL: CERTIFICATE_VERIFY_FAILED] certificate verify failed: unable to get local issuer certificate (_ssl.c:1002)

During handling of the above exception, another exception occurred:

Traceback (most recent call last):
  File "/Users/main/Desktop/LSTM_Forecast/main.py", line 8, in <module>
    obj.main()
  File "/Users/main/Desktop/LSTM_Forecast/src/TimeSeriesForecast/pipeline/stage_01_data_ingestion.py", line 14, in main
    data_ingestion.download_file()
  File "/Users/main/Desktop/LSTM_Forecast/src/TimeSeriesForecast/components/data_ingestion.py", line 21, in download_file
    filename, headers = request.urlretrieve(
                        ^^^^^^^^^^^^^^^^^^^^
  File "/Library/Frameworks/Python.framework/Versions/3.11/lib/python3.11/urllib/request.py", line 241, in urlretrieve
    with contextlib.closing(urlopen(url, data)) as fp:
                            ^^^^^^^^^^^^^^^^^^
  File "/Library/Frameworks/Python.framework/Versions/3.11/lib/python3.11/urllib/request.py", line 216, in urlopen
    return opener.open(url, data, timeout)
           ^^^^^^^^^^^^^^^^^^^^^^^^^^^^^^^
  File "/Library/Frameworks/Python.framework/Versions/3.11/lib/python3.11/urllib/request.py", line 519, in open
    response = self._open(req, data)
               ^^^^^^^^^^^^^^^^^^^^^
  File "/Library/Frameworks/Python.framework/Versions/3.11/lib/python3.11/urllib/request.py", line 536, in _open
    result = self._call_chain(self.handle_open, protocol, protocol +
             ^^^^^^^^^^^^^^^^^^^^^^^^^^^^^^^^^^^^^^^^^^^^^^^^^^^^^^^
  File "/Library/Frameworks/Python.framework/Versions/3.11/lib/python3.11/urllib/request.py", line 496, in _call_chain
    result = func(*args)
             ^^^^^^^^^^^
  File "/Library/Frameworks/Python.framework/Versions/3.11/lib/python3.11/urllib/request.py", line 1391, in https_open
    return self.do_open(http.client.HTTPSConnection, req,
           ^^^^^^^^^^^^^^^^^^^^^^^^^^^^^^^^^^^^^^^^^^^^^^
  File "/Library/Frameworks/Python.framework/Versions/3.11/lib/python3.11/urllib/request.py", line 1351, in do_open
    raise URLError(err)
urllib.error.URLError: <urlopen error [SSL: CERTIFICATE_VERIFY_FAILED] certificate verify failed: unable to get local issuer certificate (_ssl.c:1002)>
[2024-07-17 13:47:51,110:INFO:main:>>>>>> stage Data ingestion stage started <<<<<]
[2024-07-17 13:47:51,111:INFO:common:yaml file: config/config.yaml loaded successfully]
[2024-07-17 13:47:51,113:INFO:common:yaml file: params.yaml loaded successfully]
[2024-07-17 13:47:51,114:INFO:common:yaml file: schema.yaml loaded successfully]
[2024-07-17 13:47:51,114:INFO:common:created directory at: artifacts]
[2024-07-17 13:47:51,114:INFO:common:created directory at: artifacts/data_ingestion]
[2024-07-17 13:47:51,717:INFO:data_ingestion:artifacts/data_ingestion/data-forecast.zip download! with following info: 
Connection: close
Content-Length: 48759
Cache-Control: max-age=300
Content-Security-Policy: default-src 'none'; style-src 'unsafe-inline'; sandbox
Content-Type: application/zip
ETag: "b242fa9b06100c658c6c8e3096b0d4b17390be7861c1ab51cdf6a2a7d19cf86c"
Strict-Transport-Security: max-age=31536000
X-Content-Type-Options: nosniff
X-Frame-Options: deny
X-XSS-Protection: 1; mode=block
X-GitHub-Request-Id: F0B3:364637:2579111:2783945:6697AF66
Accept-Ranges: bytes
Date: Wed, 17 Jul 2024 11:47:51 GMT
Via: 1.1 varnish
X-Served-By: cache-mad22081-MAD
X-Cache: MISS
X-Cache-Hits: 0
X-Timer: S1721216872.523746,VS0,VE187
Vary: Authorization,Accept-Encoding,Origin
Access-Control-Allow-Origin: *
Cross-Origin-Resource-Policy: cross-origin
X-Fastly-Request-ID: 06bce0c73b84e42263ffb6e3d1b8caa2f9f70d79
Expires: Wed, 17 Jul 2024 11:52:51 GMT
Source-Age: 0

]
[2024-07-17 13:47:51,722:INFO:main:>>>>>>>>> stage Data ingestion stage completed! <<<<<<]
[2024-07-18 01:45:57,737:INFO:common:yaml file: config/config.yaml loaded successfully]
[2024-07-18 01:45:57,740:INFO:common:yaml file: params.yaml loaded successfully]
[2024-07-18 01:45:57,741:INFO:common:yaml file: schema.yaml loaded successfully]
[2024-07-18 01:45:57,741:INFO:common:created directory at: artifacts]
[2024-07-18 01:49:13,246:INFO:common:yaml file: config/config.yaml loaded successfully]
[2024-07-18 01:49:13,248:INFO:common:yaml file: params.yaml loaded successfully]
[2024-07-18 01:49:13,249:INFO:common:yaml file: schema.yaml loaded successfully]
[2024-07-18 01:49:13,251:INFO:common:created directory at: artifacts]
[2024-07-18 01:49:13,252:INFO:common:created directory at: artifacts/data_validation]
[2024-07-18 01:51:39,544:INFO:common:yaml file: config/config.yaml loaded successfully]
[2024-07-18 01:51:39,546:INFO:common:yaml file: params.yaml loaded successfully]
[2024-07-18 01:51:39,547:INFO:common:yaml file: schema.yaml loaded successfully]
[2024-07-18 01:51:39,548:INFO:common:created directory at: artifacts]
[2024-07-18 01:51:39,549:INFO:common:created directory at: artifacts/data_validation]
[2024-07-18 01:52:03,579:INFO:common:yaml file: config/config.yaml loaded successfully]
[2024-07-18 01:52:03,581:INFO:common:yaml file: params.yaml loaded successfully]
[2024-07-18 01:52:03,583:INFO:common:yaml file: schema.yaml loaded successfully]
[2024-07-18 01:52:03,584:INFO:common:created directory at: artifacts]
[2024-07-18 01:52:03,585:INFO:common:created directory at: artifacts/data_ingestion]
[2024-07-18 01:52:04,240:INFO:2757403511:artifacts/data_ingestion/data-forecast.zip download! with following info: 
Connection: close
Content-Length: 48759
Cache-Control: max-age=300
Content-Security-Policy: default-src 'none'; style-src 'unsafe-inline'; sandbox
Content-Type: application/zip
ETag: "b242fa9b06100c658c6c8e3096b0d4b17390be7861c1ab51cdf6a2a7d19cf86c"
Strict-Transport-Security: max-age=31536000
X-Content-Type-Options: nosniff
X-Frame-Options: deny
X-XSS-Protection: 1; mode=block
X-GitHub-Request-Id: D046:4FDF4:1BFAA7B:1D52D5C:66985923
Accept-Ranges: bytes
Date: Wed, 17 Jul 2024 23:52:04 GMT
Via: 1.1 varnish
X-Served-By: cache-mad2200097-MAD
X-Cache: MISS
X-Cache-Hits: 0
X-Timer: S1721260324.086128,VS0,VE190
Vary: Authorization,Accept-Encoding,Origin
Access-Control-Allow-Origin: *
Cross-Origin-Resource-Policy: cross-origin
X-Fastly-Request-ID: 76d7230446c5506be315f9bf4ac0792ab136a1bf
Expires: Wed, 17 Jul 2024 23:57:04 GMT
Source-Age: 0

]
[2024-07-18 18:19:22,614:INFO:common:yaml file: config/config.yaml loaded successfully]
[2024-07-18 18:19:22,616:INFO:common:yaml file: params.yaml loaded successfully]
[2024-07-18 18:19:22,618:INFO:common:yaml file: schema.yaml loaded successfully]
[2024-07-18 18:19:22,618:INFO:common:created directory at: artifacts]
[2024-07-18 18:19:22,642:INFO:common:created directory at: artifacts/data_validation]
[2024-07-18 18:24:11,361:INFO:common:yaml file: config/config.yaml loaded successfully]
[2024-07-18 18:24:11,363:INFO:common:yaml file: params.yaml loaded successfully]
[2024-07-18 18:24:11,366:INFO:common:yaml file: schema.yaml loaded successfully]
[2024-07-18 18:24:11,367:INFO:common:created directory at: artifacts]
[2024-07-18 18:24:11,367:INFO:common:created directory at: artifacts/data_validation]
